D:\Work WS\Сев\Gelovani\Геловани_НК.dwg,Лист1,24.03.2017 12:05:24,Intel,_AutoCAD PDF (General Documentation).pc3,ISO без полей A2 (420.00 x 594.00 мм),1:0.0033789,
D:\Work WS\Сев\Gelovani\Геловани_НК.dwg,Лист2,24.03.2017 12:05:34,Intel,_AutoCAD PDF (General Documentation).pc3,ISO без полей A2 (420.00 x 594.00 мм),1:0.00337905,
D:\Work WS\Сев\Gelovani\Геловани_НК.dwg,Лист3,24.03.2017 12:05:44,Intel,_AutoCAD PDF (General Documentation).pc3,ISO без полей A2 (420.00 x 594.00 мм),1:0.00364194,
D:\Work WS\Сев\Gelovani\Геловани_НК.dwg,Лист4,24.03.2017 12:05:54,Intel,_AutoCAD PDF (General Documentation).pc3,ISO без полей A2 (420.00 x 594.00 мм),1:0.00364194,
D:\Work WS\Сев\Gelovani\Геловани_НК.dwg,Лист5,24.03.2017 12:06:04,Intel,_AutoCAD PDF (General Documentation).pc3,ISO без полей A4 (210.00 x 297.00 мм),1:0.00365582,
D:\Work WS\Сев\Gelovani\Геловани_НК.dwg,ТКР_л1,22.05.2017 18:31:57,Intel,_AutoCAD PDF (General Documentation).pc3,ISO без полей A2 (420.00 x 594.00 мм),1:0.00364194,
D:\Work WS\Сев\Gelovani\Геловани_НК.dwg,ТКР_л2,22.05.2017 18:32:05,Intel,_AutoCAD PDF (General Documentation).pc3,ISO без полей A2 (420.00 x 594.00 мм),1:0.00364194,
D:\Work WS\Сев\Gelovani\Геловани_НК.dwg,ТКР_л3,22.05.2017 18:32:15,Intel,_AutoCAD PDF (General Documentation).pc3,ISO без полей A2 (594.00 x 420.00 мм),1:0.000728389,
D:\Work WS\Сев\Gelovani\Геловани_НК.dwg,ТКР_л4,22.05.2017 18:32:20,Intel,_AutoCAD PDF (General Documentation).pc3,ISO без полей A2 (594.00 x 420.00 мм),1:0.000730352,
D:\Work WS\Сев\Gelovani\Геловани_НК.dwg,ТКР_л5,22.05.2017 18:32:30,Intel,_AutoCAD PDF (General Documentation).pc3,ISO без полей A4 (210.00 x 297.00 мм),1:0.00366567,
D:\Work WS\Сев\Gelovani\Геловани_НК.dwg,ТКР_спец_л1,22.05.2017 18:32:35,Intel,_AutoCAD PDF (General Documentation).pc3,ISO без полей A3 (420.00 x 297.00 мм),1:0.000731502,
D:\Work WS\Сев\Gelovani\Геловани_НК.dwg,ТКР_л1,22.05.2017 18:34:30,Intel,_AutoCAD PDF (General Documentation).pc3,ISO без полей A2 (420.00 x 594.00 мм),1:0.00364194,
D:\Work WS\Сев\Gelovani\Геловани_НК.dwg,ТКР_л2,22.05.2017 18:34:36,Intel,_AutoCAD PDF (General Documentation).pc3,ISO без полей A2 (420.00 x 594.00 мм),1:0.00364194,
D:\Work WS\Сев\Gelovani\Геловани_НК.dwg,ТКР_л3,22.05.2017 18:34:46,Intel,_AutoCAD PDF (General Documentation).pc3,ISO без полей A2 (594.00 x 420.00 мм),1:0.000728389,
D:\Work WS\Сев\Gelovani\Геловани_НК.dwg,ТКР_л4,22.05.2017 18:34:51,Intel,_AutoCAD PDF (General Documentation).pc3,ISO без полей A2 (594.00 x 420.00 мм),1:0.000730352,
D:\Work WS\Сев\Gelovani\Геловани_НК.dwg,ТКР_л5,22.05.2017 18:35:01,Intel,_AutoCAD PDF (General Documentation).pc3,ISO без полей A4 (210.00 x 297.00 мм),1:0.00366567,
D:\Work WS\Сев\Gelovani\Геловани_НК.dwg,ТКР_спец_л1,22.05.2017 18:35:06,Intel,_AutoCAD PDF (General Documentation).pc3,ISO без полей A3 (420.00 x 297.00 мм),1:0.000731502,
D:\Work WS\Сев\Gelovani\Геловани_НК.dwg,ТКР_спец_л2,22.05.2017 18:35:11,Intel,_AutoCAD PDF (General Documentation).pc3,ISO без полей A3 (420.00 x 297.00 мм),1:0.000731502,
D:\Work WS\Сев\Gelovani\Геловани_НК.dwg,ТКР_спец_л3,22.05.2017 18:35:16,Intel,_AutoCAD PDF (General Documentation).pc3,ISO без полей A3 (420.00 x 297.00 мм),1:0.000731502,
D:\Work WS\Сев\Gelovani\Геловани_НК.dwg,ТКР_спец_л4,22.05.2017 18:35:21,Intel,_AutoCAD PDF (General Documentation).pc3,ISO без полей A3 (420.00 x 297.00 мм),1:0.000731502,
D:\Work WS\Сев\Gelovani\Геловани_НК.dwg,ТКР_л1,22.05.2017 19:03:52,Intel,_AutoCAD PDF (General Documentation).pc3,ISO без полей A2 (420.00 x 594.00 мм),1:0.00364194,
D:\Work WS\Сев\Gelovani\Геловани_НК.dwg,ТКР_л2,22.05.2017 19:03:59,Intel,_AutoCAD PDF (General Documentation).pc3,ISO без полей A2 (420.00 x 594.00 мм),1:0.00364194,
D:\Work WS\Сев\Gelovani\Геловани_НК.dwg,ТКР_л3,22.05.2017 19:04:08,Intel,_AutoCAD PDF (General Documentation).pc3,ISO без полей A2 (594.00 x 420.00 мм),1:0.000728389,
D:\Work WS\Сев\Gelovani\Геловани_НК.dwg,ТКР_л4,22.05.2017 19:04:14,Intel,_AutoCAD PDF (General Documentation).pc3,ISO без полей A2 (594.00 x 420.00 мм),1:0.000730352,
D:\Work WS\Сев\Gelovani\Геловани_НК.dwg,ТКР_л5,22.05.2017 19:04:23,Intel,_AutoCAD PDF (General Documentation).pc3,ISO без полей A4 (210.00 x 297.00 мм),1:0.00366567,
D:\Work WS\Сев\Gelovani\Геловани_НК.dwg,ТКР_спец_л1,22.05.2017 19:04:28,Intel,_AutoCAD PDF (General Documentation).pc3,ISO без полей A3 (420.00 x 297.00 мм),1:0.000731502,
D:\Work WS\Сев\Gelovani\Геловани_НК.dwg,ТКР_спец_л2,22.05.2017 19:04:33,Intel,_AutoCAD PDF (General Documentation).pc3,ISO без полей A3 (420.00 x 297.00 мм),1:0.000731502,
D:\Work WS\Сев\Gelovani\Геловани_НК.dwg,ТКР_спец_л3,22.05.2017 19:04:38,Intel,_AutoCAD PDF (General Documentation).pc3,ISO без полей A3 (420.00 x 297.00 мм),1:0.000731502,
D:\Work WS\Сев\Gelovani\Геловани_НК.dwg,ТКР_спец_л4,22.05.2017 19:04:43,Intel,_AutoCAD PDF (General Documentation).pc3,ISO без полей A3 (420.00 x 297.00 мм),1:0.000731502,
D:\Work WS\Сев\Gelovani\Геловани_НК.dwg,ПОД_Л1,22.05.2017 19:09:56,Intel,_AutoCAD PDF (General Documentation).pc3,ISO без полей A2 (420.00 x 594.00 мм),1:0.0033789,
D:\Work WS\Сев\Gelovani\Геловани_НК.dwg,ПОД_л2,22.05.2017 19:10:07,Intel,_AutoCAD PDF (General Documentation).pc3,ISO без полей A2 (420.00 x 594.00 мм),1:0.00337905,
D:\Work WS\Сев\Gelovani\Геловани_НК.dwg,ТКР_л1,22.05.2017 19:11:32,Intel,_AutoCAD PDF (General Documentation).pc3,ISO без полей A2 (420.00 x 594.00 мм),1:0.00364194,
D:\Work WS\Сев\Gelovani\Геловани_НК.dwg,ТКР_л2,22.05.2017 19:11:38,Intel,_AutoCAD PDF (General Documentation).pc3,ISO без полей A2 (420.00 x 594.00 мм),1:0.00364194,
D:\Work WS\Сев\Gelovani\Геловани_НК.dwg,ТКР_л3,22.05.2017 19:11:48,Intel,_AutoCAD PDF (General Documentation).pc3,ISO без полей A2 (594.00 x 420.00 мм),1:0.000728389,
D:\Work WS\Сев\Gelovani\Геловани_НК.dwg,ТКР_л4,22.05.2017 19:11:53,Intel,_AutoCAD PDF (General Documentation).pc3,ISO без полей A2 (594.00 x 420.00 мм),1:0.000730352,
D:\Work WS\Сев\Gelovani\Геловани_НК.dwg,ТКР_л5,22.05.2017 19:12:03,Intel,_AutoCAD PDF (General Documentation).pc3,ISO без полей A4 (210.00 x 297.00 мм),1:0.00366567,
D:\Work WS\Сев\Gelovani\Геловани_НК.dwg,ТКР_спец_л1,22.05.2017 19:12:08,Intel,_AutoCAD PDF (General Documentation).pc3,ISO без полей A3 (420.00 x 297.00 мм),1:0.000731502,
D:\Work WS\Сев\Gelovani\Геловани_НК.dwg,ТКР_спец_л2,22.05.2017 19:12:13,Intel,_AutoCAD PDF (General Documentation).pc3,ISO без полей A3 (420.00 x 297.00 мм),1:0.000731502,
D:\Work WS\Сев\Gelovani\Геловани_НК.dwg,ТКР_спец_л3,22.05.2017 19:12:18,Intel,_AutoCAD PDF (General Documentation).pc3,ISO без полей A3 (420.00 x 297.00 мм),1:0.000731502,
D:\Work WS\Сев\Gelovani\Геловани_НК.dwg,ТКР_спец_л4,22.05.2017 19:12:23,Intel,_AutoCAD PDF (General Documentation).pc3,ISO без полей A3 (420.00 x 297.00 мм),1:0.000731502,
D:\Work WS\Сев\Gelovani\Геловани_НК.dwg,ТКР_л1,22.05.2017 19:27:25,Intel,_AutoCAD PDF (General Documentation).pc3,ISO без полей A2 (420.00 x 594.00 мм),1:0.00364194,
D:\Work WS\Сев\Gelovani\Геловани_НК.dwg,ТКР_л2,22.05.2017 19:27:31,Intel,_AutoCAD PDF (General Documentation).pc3,ISO без полей A2 (420.00 x 594.00 мм),1:0.00364194,
D:\Work WS\Сев\Gelovani\Геловани_НК.dwg,ТКР_л3,22.05.2017 19:27:41,Intel,_AutoCAD PDF (General Documentation).pc3,ISO без полей A2 (594.00 x 420.00 мм),1:0.000728389,
D:\Work WS\Сев\Gelovani\Геловани_НК.dwg,ТКР_л4,22.05.2017 19:27:46,Intel,_AutoCAD PDF (General Documentation).pc3,ISO без полей A2 (594.00 x 420.00 мм),1:0.000730352,
D:\Work WS\Сев\Gelovani\Геловани_НК.dwg,ТКР_л5,22.05.2017 19:27:56,Intel,_AutoCAD PDF (General Documentation).pc3,ISO без полей A4 (210.00 x 297.00 мм),1:0.00366567,
D:\Work WS\Сев\Gelovani\Геловани_НК.dwg,ТКР_спец_л1,22.05.2017 19:28:01,Intel,_AutoCAD PDF (General Documentation).pc3,ISO без полей A3 (420.00 x 297.00 мм),1:0.000731502,
D:\Work WS\Сев\Gelovani\Геловани_НК.dwg,ТКР_спец_л2,22.05.2017 19:28:06,Intel,_AutoCAD PDF (General Documentation).pc3,ISO без полей A3 (420.00 x 297.00 мм),1:0.000731502,
D:\Work WS\Сев\Gelovani\Геловани_НК.dwg,ТКР_спец_л3,22.05.2017 19:28:11,Intel,_AutoCAD PDF (General Documentation).pc3,ISO без полей A3 (420.00 x 297.00 мм),1:0.000731502,
D:\Work WS\Сев\Gelovani\Геловани_НК.dwg,ТКР_спец_л4,22.05.2017 19:28:16,Intel,_AutoCAD PDF (General Documentation).pc3,ISO без полей A3 (420.00 x 297.00 мм),1:0.000731502,
D:\Work WS\Сев\Lubimovka\Любимовка НК.dwg,Лист1,22.05.2017 19:30:02,Intel,_AutoCAD PDF (General Documentation).pc3,ISO без полей A2 (594.00 x 420.00 мм),1:1.89706e-006,
D:\Work WS\Сев\Lubimovka\Любимовка НК.dwg,Лист2,22.05.2017 19:30:17,Intel,_AutoCAD PDF (General Documentation).pc3,ISO без полей A2 (420.00 x 594.00 мм),1:0.0035405,
D:\Work WS\Сев\Lubimovka\Любимовка НК.dwg,Лист3,22.05.2017 19:30:33,Intel,_AutoCAD PDF (General Documentation).pc3,Прежний размер листа (2310.00 x 297.00 мм),1:0.000818872,
D:\Work WS\Сев\Lubimovka\Любимовка НК.dwg,Спец_л1,22.05.2017 19:34:23,Intel,_AutoCAD PDF (General Documentation).pc3,ISO без полей A3 (420.00 x 297.00 мм),1:0.000820501,
D:\Work WS\Сев\Lubimovka\Любимовка НК.dwg,Спец_л2,22.05.2017 19:34:39,Intel,_AutoCAD PDF (General Documentation).pc3,ISO без полей A3 (420.00 x 297.00 мм),1:0.000820501,
D:\Work WS\Сев\Lubimovka\Любимовка НК.dwg,Спец_л3,22.05.2017 19:34:54,Intel,_AutoCAD PDF (General Documentation).pc3,ISO без полей A3 (420.00 x 297.00 мм),1:0.000820501,
D:\Work WS\Сев\Lubimovka\Любимовка НК.dwg,Спец_л4,22.05.2017 19:35:09,Intel,_AutoCAD PDF (General Documentation).pc3,ISO без полей A3 (420.00 x 297.00 мм),1:0.000820501,
D:\Work WS\Сев\Lubimovka\Любимовка НК.dwg,Спец_л5,22.05.2017 19:35:24,Intel,_AutoCAD PDF (General Documentation).pc3,ISO без полей A3 (420.00 x 297.00 мм),1:0.000820501,
D:\Work WS\Сев\Lubimovka\Любимовка НК.dwg,Спец_л6,22.05.2017 19:35:39,Intel,_AutoCAD PDF (General Documentation).pc3,ISO без полей A3 (420.00 x 297.00 мм),1:0.000820501,
D:\Work WS\Сев\Ternovka\Терновка_НК.dwg,Лист6,22.05.2017 19:40:26,Intel,_AutoCAD PDF (General Documentation).pc3,ISO без полей A3 (420.00 x 297.00 мм),1:0.00934201,
D:\Work WS\Сев\Ternovka\Терновка_НК.dwg,Лист7,22.05.2017 19:40:28,Intel,_AutoCAD PDF (General Documentation).pc3,ISO без полей A3 (420.00 x 297.00 мм),1:0.00934201,
D:\Work WS\Сев\Ternovka\Терновка_НК.dwg,Лист8,22.05.2017 19:40:33,Intel,_AutoCAD PDF (General Documentation).pc3,ISO без полей A3 (420.00 x 297.00 мм),1:0.00934201,
D:\Work WS\Сев\Ternovka\Терновка_НК.dwg,Лист9,22.05.2017 19:40:38,Intel,_AutoCAD PDF (General Documentation).pc3,ISO без полей A3 (420.00 x 297.00 мм),1:0.010118,
D:\Work WS\Сев\Gelovani\Геловани_НК.dwg,ТКР_л1,23.05.2017 14:38:13,Intel,_AutoCAD PDF (General Documentation).pc3,ISO без полей A2 (420.00 x 594.00 мм),1:0.00364194,
D:\Work WS\Сев\Gelovani\Геловани_НК.dwg,ТКР_л2,23.05.2017 14:38:20,Intel,_AutoCAD PDF (General Documentation).pc3,ISO без полей A2 (420.00 x 594.00 мм),1:0.00364194,
D:\Work WS\Сев\Gelovani\Геловани_НК.dwg,ТКР_л3,23.05.2017 14:38:30,Intel,_AutoCAD PDF (General Documentation).pc3,ISO без полей A3 (297.00 x 420.00 мм),1:0.00365728,
D:\Work WS\Сев\Gelovani\Геловани_НК.dwg,ТКР_л4,23.05.2017 14:38:34,Intel,_AutoCAD PDF (General Documentation).pc3,ISO без полей A2 (594.00 x 420.00 мм),1:0.000728389,
D:\Work WS\Сев\Gelovani\Геловани_НК.dwg,ТКР_л5,23.05.2017 14:38:39,Intel,_AutoCAD PDF (General Documentation).pc3,ISO без полей A2 (594.00 x 420.00 мм),1:0.000730352,
D:\Work WS\Сев\Gelovani\Геловани_НК.dwg,ТКР_л6,23.05.2017 14:38:50,Intel,_AutoCAD PDF (General Documentation).pc3,ISO без полей A4 (210.00 x 297.00 мм),1:0.00366567,
D:\Work WS\Сев\Gelovani\Геловани_НК.dwg,ТКР_спец_л1,23.05.2017 14:40:01,Intel,_AutoCAD PDF (General Documentation).pc3,ISO без полей A3 (420.00 x 297.00 мм),1:0.000731502,
D:\Work WS\Сев\Gelovani\Геловани_НК.dwg,ТКР_спец_л2,23.05.2017 14:40:08,Intel,_AutoCAD PDF (General Documentation).pc3,ISO без полей A3 (420.00 x 297.00 мм),1:0.000731502,
D:\Work WS\Сев\Gelovani\Геловани_НК.dwg,ТКР_спец_л3,23.05.2017 14:40:13,Intel,_AutoCAD PDF (General Documentation).pc3,ISO без полей A3 (420.00 x 297.00 мм),1:0.000731502,
D:\Work WS\Сев\Gelovani\Геловани_НК.dwg,ТКР_спец_л4,23.05.2017 14:40:18,Intel,_AutoCAD PDF (General Documentation).pc3,ISO без полей A3 (420.00 x 297.00 мм),1:0.000731502,
D:\Work WS\Сев\Gelovani\Геловани_НК.dwg,ПОД_Л1,23.05.2017 14:43:55,Intel,_AutoCAD PDF (General Documentation).pc3,ISO без полей A2 (420.00 x 594.00 мм),1:0.0033789,
D:\Work WS\Сев\Gelovani\Геловани_НК.dwg,ПОД_л2,23.05.2017 14:44:07,Intel,_AutoCAD PDF (General Documentation).pc3,ISO без полей A2 (420.00 x 594.00 мм),1:0.00337905,
D:\Work WS\Сев\Ternovka\Терновка_НК.dwg,Лист6,06.06.2017 10:17:32,Intel,_AutoCAD PDF (General Documentation).pc3,ISO без полей A3 (420.00 x 297.00 мм),1:0.00934201,
D:\Work WS\Сев\Ternovka\Терновка_НК.dwg,Лист7,06.06.2017 10:17:32,Intel,_AutoCAD PDF (General Documentation).pc3,ISO без полей A3 (420.00 x 297.00 мм),1:0.00934201,
D:\Work WS\Сев\Ternovka\Терновка_НК.dwg,Лист8,06.06.2017 10:17:37,Intel,_AutoCAD PDF (General Documentation).pc3,ISO без полей A3 (420.00 x 297.00 мм),1:0.00934201,
D:\Work WS\Сев\Ternovka\Терновка_НК.dwg,Лист9,06.06.2017 10:17:42,Intel,_AutoCAD PDF (General Documentation).pc3,ISO без полей A3 (420.00 x 297.00 мм),1:0.010118,
D:\Work WS\Сев\Lubimovka\Любимовка НК.dwg,Спец_л1,06.06.2017 10:19:49,Intel,_AutoCAD PDF (General Documentation).pc3,ISO без полей A3 (420.00 x 297.00 мм),1:0.000820501,
D:\Work WS\Сев\Lubimovka\Любимовка НК.dwg,Спец_л2,06.06.2017 10:20:05,Intel,_AutoCAD PDF (General Documentation).pc3,ISO без полей A3 (420.00 x 297.00 мм),1:0.000820501,
D:\Work WS\Сев\Lubimovka\Любимовка НК.dwg,Спец_л3,06.06.2017 10:20:20,Intel,_AutoCAD PDF (General Documentation).pc3,ISO без полей A3 (420.00 x 297.00 мм),1:0.000820501,
D:\Work WS\Сев\Lubimovka\Любимовка НК.dwg,Спец_л4,06.06.2017 10:20:35,Intel,_AutoCAD PDF (General Documentation).pc3,ISO без полей A3 (420.00 x 297.00 мм),1:0.000820501,
D:\Work WS\Сев\Lubimovka\Любимовка НК.dwg,Спец_л5,06.06.2017 10:20:50,Intel,_AutoCAD PDF (General Documentation).pc3,ISO без полей A3 (420.00 x 297.00 мм),1:0.000820501,
D:\Work WS\Сев\Lubimovka\Любимовка НК.dwg,Спец_л6,06.06.2017 10:21:05,Intel,_AutoCAD PDF (General Documentation).pc3,ISO без полей A3 (420.00 x 297.00 мм),1:0.000820501,
D:\Work WS\Сев\Gelovani\Геловани_НК.dwg,ТКР_л1,06.06.2017 10:22:51,Intel,_AutoCAD PDF (General Documentation).pc3,ISO без полей A2 (420.00 x 594.00 мм),1:0.00364194,
D:\Work WS\Сев\Gelovani\Геловани_НК.dwg,ТКР_л2,06.06.2017 10:22:58,Intel,_AutoCAD PDF (General Documentation).pc3,ISO без полей A2 (420.00 x 594.00 мм),1:0.00364194,
D:\Work WS\Сев\Gelovani\Геловани_НК.dwg,ТКР_л3,06.06.2017 10:23:08,Intel,_AutoCAD PDF (General Documentation).pc3,ISO без полей A3 (297.00 x 420.00 мм),1:0.00365728,
D:\Work WS\Сев\Gelovani\Геловани_НК.dwg,ТКР_л4,06.06.2017 10:23:13,Intel,_AutoCAD PDF (General Documentation).pc3,ISO без полей A2 (594.00 x 420.00 мм),1:0.000728389,
D:\Work WS\Сев\Gelovani\Геловани_НК.dwg,ТКР_л5,06.06.2017 10:23:18,Intel,_AutoCAD PDF (General Documentation).pc3,ISO без полей A2 (594.00 x 420.00 мм),1:0.000730352,
D:\Work WS\Сев\Gelovani\Геловани_НК.dwg,ТКР_л6,06.06.2017 10:23:28,Intel,_AutoCAD PDF (General Documentation).pc3,ISO без полей A4 (210.00 x 297.00 мм),1:0.00366567,
D:\Work WS\Сев\Gelovani\Геловани_НК.dwg,ТКР_спец_л1,06.06.2017 10:24:48,Intel,_AutoCAD PDF (General Documentation).pc3,ISO без полей A3 (420.00 x 297.00 мм),1:0.000731502,
D:\Work WS\Сев\Gelovani\Геловани_НК.dwg,ТКР_спец_л2,06.06.2017 10:24:55,Intel,_AutoCAD PDF (General Documentation).pc3,ISO без полей A3 (420.00 x 297.00 мм),1:0.000731502,
D:\Work WS\Сев\Gelovani\Геловани_НК.dwg,ТКР_спец_л3,06.06.2017 10:25:00,Intel,_AutoCAD PDF (General Documentation).pc3,ISO без полей A3 (420.00 x 297.00 мм),1:0.000731502,
D:\Work WS\Сев\Gelovani\Геловани_НК.dwg,ТКР_спец_л4,06.06.2017 10:25:05,Intel,_AutoCAD PDF (General Documentation).pc3,ISO без полей A3 (420.00 x 297.00 мм),1:0.000731502,
